<?xml version="1.0" encoding="UTF-8" ?> 
<testsuites>
  <testsuite id="testsuite1">
    <testcase id="com.example.test1" name="Test 1" time="0.001" />
    <testcase id="com.example.test2" name="Test 2" time="0.001" />
  </testsuite>
  <testsuite id="testsuite2">
    <testcase id="com.example.test1" name="Test 1" time="0.002" />
    <testcase id="com.example.test2" name="Test 2" time="0.002">
      <failure message="Failed!" type="WARNING" />
    </testcase>
  </testsuite>
</testsuites>
